


ARM Macro Assembler    Page 1 


    1 00000000 00000400 
                       Stack_Size
                               EQU              0x00000400  ;400h=1024
    2 00000000         
    3 00000000         
    4 00000000                 AREA             STACK, NOINIT, READWRITE, ALIGN
=3
    5 00000000         Stack_Mem
                               SPACE            Stack_Size
    6 00000400         __initial_sp
    7 00000400         
    8 00000400         
    9 00000400                 AREA             RESET, DATA, READONLY
   10 00000000                 EXPORT           __Vectors
   11 00000000                 EXPORT           Reset_Handler   [WEAK]
   12 00000000         __Vectors
   13 00000000 00000000        DCD              __initial_sp
   14 00000004 00000000        DCD              Reset_Handler
   15 00000008         __Vectors_End
   16 00000008         
   17 00000008         
   18 00000008                 AREA             MYDATA, DATA, READWRITE
   19 00000000                 ALIGN            4
   20 00000000 00000000 
                       QA      DCD              0
   21 00000004 00000000 
                       QL      DCD              0
   22 00000008         
   23 00000008                 AREA             MYCODE , CODE, READONLY
   24 00000000         ;Define X, Y and Z for arithmetical calculations
   25 00000000 00000053 
                       X       EQU              0x053
   26 00000000 00000034 
                       Y       EQU              0x034
   27 00000000 00000005 
                       Z       EQU              0x05
   28 00000000         ;Define A, B and C for logical calculations
   29 00000000 00000055 
                       A__     DCD              0x055
   30 00000004 00000030 
                       B__     DCD              0x030
   31 00000008 00000021 
                       C__     DCD              0x021
   32 0000000C 000000E0 
                       D__     DCD              0x0E0
   33 00000010         Reset_Handler
                               PROC
   34 00000010         ;Put X, Y and Z into registers.
   35 00000010 F04F 0153       MOV              R1, #X
   36 00000014 F04F 0234       MOV              R2, #Y
   37 00000018 F04F 0305       MOV              R3, #Z
   38 0000001C         
   39 0000001C         ;Put A, B, C and D into registers
   40 0000001C 4812            LDR              R0, =A__
   41 0000001E 6806            LDR              R6, [R0]
   42 00000020 4812            LDR              R0, =B__
   43 00000022 6807            LDR              R7, [R0]
   44 00000024 4812            LDR              R0, =C__
   45 00000026 F8D0 8000       LDR              R8, [R0]



ARM Macro Assembler    Page 2 


   46 0000002A 4812            LDR              R0, =D__
   47 0000002C F8D0 9000       LDR              R9, [R0]
   48 00000030         ;Arithmetical calculations
   49 00000030 EB01 0403       ADD              R4, R1, R3
   50 00000034 EBA4 0402       SUB              R4, R4, R2
   51 00000038 EB04 0501       ADD              R5, R4, R1
   52 0000003C EBA5 0502       SUB              R5, R5, R2
   53 00000040 441D            ADD              R5, R5, R3
   54 00000042         ;Logical calculations
   55 00000042 EA86 0A07       EOR              R10, R6, R7
   56 00000046 EA07 0B09       AND              R11, R7, R9
   57 0000004A F08B 0B13       EOR              R11, R11, #0x13
   58 0000004E EA06 0008       AND              R0, R6, R8
   59 00000052 EA4B 0B00       ORR              R11, R11, R0
   60 00000056 EA2B 0B0A       BIC              R11, R11, R10
   61 0000005A         ;Save results
   62 0000005A 4807            LDR              R0, =QA
   63 0000005C 6005            STR              R5, [R0]
   64 0000005E 4807            LDR              R0, =QL
   65 00000060 F8C0 B000       STR              R11, [R0]
   66 00000064         __inf_cycle
   67 00000064 E7FE            B                __inf_cycle
   68 00000066                 ENDP
   69 00000066         END
                       
              00 00 00000000 
              00000000 
              00000000 
              00000000 
              00000000 
              00000000 
Command Line: --debug --xref --diag_suppress=9931 --cpu=Cortex-M4.fp --apcs=int
erwork --depend=.\objects\lab1.d -o.\objects\lab1.o -I.\RTE\_Target_1 -ID:\Keil
ARM\ARM\PACK\Keil\STM32F4xx_DFP\2.13.0\Drivers\CMSIS\Device\ST\STM32F4xx\Includ
e -ID:\KeilARM\ARM\CMSIS\Include --predefine="__EVAL SETA 1" --predefine="__UVI
SION_VERSION SETA 525" --predefine="STM32F401xE SETA 1" --list=.\listings\lab1.
lst Lab1.s



ARM Macro Assembler    Page 1 Alphabetic symbol ordering
Relocatable symbols

STACK 00000000

Symbol: STACK
   Definitions
      At line 4 in file Lab1.s
   Uses
      None
Comment: STACK unused
Stack_Mem 00000000

Symbol: Stack_Mem
   Definitions
      At line 5 in file Lab1.s
   Uses
      None
Comment: Stack_Mem unused
__initial_sp 00000400

Symbol: __initial_sp
   Definitions
      At line 6 in file Lab1.s
   Uses
      At line 13 in file Lab1.s
Comment: __initial_sp used once
3 symbols



ARM Macro Assembler    Page 1 Alphabetic symbol ordering
Relocatable symbols

RESET 00000000

Symbol: RESET
   Definitions
      At line 9 in file Lab1.s
   Uses
      None
Comment: RESET unused
__Vectors 00000000

Symbol: __Vectors
   Definitions
      At line 12 in file Lab1.s
   Uses
      At line 10 in file Lab1.s
Comment: __Vectors used once
__Vectors_End 00000008

Symbol: __Vectors_End
   Definitions
      At line 15 in file Lab1.s
   Uses
      None
Comment: __Vectors_End unused
3 symbols



ARM Macro Assembler    Page 1 Alphabetic symbol ordering
Relocatable symbols

MYDATA 00000000

Symbol: MYDATA
   Definitions
      At line 18 in file Lab1.s
   Uses
      None
Comment: MYDATA unused
QA 00000000

Symbol: QA
   Definitions
      At line 20 in file Lab1.s
   Uses
      At line 62 in file Lab1.s
Comment: QA used once
QL 00000004

Symbol: QL
   Definitions
      At line 21 in file Lab1.s
   Uses
      At line 64 in file Lab1.s
Comment: QL used once
3 symbols



ARM Macro Assembler    Page 1 Alphabetic symbol ordering
Relocatable symbols

A__ 00000000

Symbol: A__
   Definitions
      At line 29 in file Lab1.s
   Uses
      At line 40 in file Lab1.s
Comment: A__ used once
B__ 00000004

Symbol: B__
   Definitions
      At line 30 in file Lab1.s
   Uses
      At line 42 in file Lab1.s
Comment: B__ used once
C__ 00000008

Symbol: C__
   Definitions
      At line 31 in file Lab1.s
   Uses
      At line 44 in file Lab1.s
Comment: C__ used once
D__ 0000000C

Symbol: D__
   Definitions
      At line 32 in file Lab1.s
   Uses
      At line 46 in file Lab1.s
Comment: D__ used once
END 00000066

Symbol: END
   Definitions
      At line 69 in file Lab1.s
   Uses
      None
Comment: END unused
MYCODE 00000000

Symbol: MYCODE
   Definitions
      At line 23 in file Lab1.s
   Uses
      None
Comment: MYCODE unused
Reset_Handler 00000010

Symbol: Reset_Handler
   Definitions
      At line 33 in file Lab1.s
   Uses
      At line 11 in file Lab1.s
      At line 14 in file Lab1.s

__inf_cycle 00000064




ARM Macro Assembler    Page 2 Alphabetic symbol ordering
Relocatable symbols

Symbol: __inf_cycle
   Definitions
      At line 66 in file Lab1.s
   Uses
      At line 67 in file Lab1.s
Comment: __inf_cycle used once
8 symbols



ARM Macro Assembler    Page 1 Alphabetic symbol ordering
Absolute symbols

Stack_Size 00000400

Symbol: Stack_Size
   Definitions
      At line 1 in file Lab1.s
   Uses
      At line 5 in file Lab1.s
Comment: Stack_Size used once
X 00000053

Symbol: X
   Definitions
      At line 25 in file Lab1.s
   Uses
      At line 35 in file Lab1.s
Comment: X used once
Y 00000034

Symbol: Y
   Definitions
      At line 26 in file Lab1.s
   Uses
      At line 36 in file Lab1.s
Comment: Y used once
Z 00000005

Symbol: Z
   Definitions
      At line 27 in file Lab1.s
   Uses
      At line 37 in file Lab1.s
Comment: Z used once
4 symbols
357 symbols in table
