


ARM Macro Assembler    Page 1 


    1 00000000         ; Initialize Stack Size
    2 00000000         ; Equ 400 hex (1024) bytes
    3 00000000 00000400 
                       Stack_Size
                               EQU              0x00000400
    4 00000000         ; Area STACK (NOINIT and READ/WRITE)
    5 00000000                 AREA             STACK, NOINIT, READWRITE, ALIGN
=3
    6 00000000         ; Initialize memory equals Stack_Size
    7 00000000         Stack_Mem
                               SPACE            Stack_Size
    8 00000400         __initial_sp
    9 00000400         ; Vector Table Mapped to Address 0 at Reset
   10 00000400                 AREA             RESET, DATA, READONLY
   11 00000000                 EXPORT           __Vectors
   12 00000000                 EXPORT           Reset_Handler             [WEAK
]
   13 00000000         __Vectors
   14 00000000 00000000        DCD              __initial_sp ; Top of Stack
   15 00000004 00000000        DCD              Reset_Handler ; Reset Handler
   16 00000008         __Vectors_End
   17 00000008                 AREA             |.text| , CODE, READONLY
   18 00000000         
   19 00000000         Reset_Handler
                               PROC
   20 00000000 4801            LDR              R0, =__main
   21 00000002 4700            BX               R0
   22 00000004                 ENDP
   23 00000004         __main  PROC
   24 00000004         ; place you initialization code here
   25 00000004         __mainloop
   26 00000004         ; place you application code here  
   27 00000004 E7FE            B                __mainloop
   28 00000006                 ENDP
   29 00000006         
   30 00000006                 END
              00 00 00000000 
Command Line: --debug --xref --diag_suppress=9931 --cpu=Cortex-M4.fp --apcs=int
erwork --depend=.\objects\main.d -o.\objects\main.o -I.\RTE\_Target_1 -ID:\Keil
ARM\ARM\PACK\Keil\STM32F4xx_DFP\2.13.0\Drivers\CMSIS\Device\ST\STM32F4xx\Includ
e -ID:\KeilARM\ARM\CMSIS\Include --predefine="__EVAL SETA 1" --predefine="__UVI
SION_VERSION SETA 525" --predefine="STM32F401xE SETA 1" --list=.\listings\main.
lst main.s



ARM Macro Assembler    Page 1 Alphabetic symbol ordering
Relocatable symbols

STACK 00000000

Symbol: STACK
   Definitions
      At line 5 in file main.s
   Uses
      None
Comment: STACK unused
Stack_Mem 00000000

Symbol: Stack_Mem
   Definitions
      At line 7 in file main.s
   Uses
      None
Comment: Stack_Mem unused
__initial_sp 00000400

Symbol: __initial_sp
   Definitions
      At line 8 in file main.s
   Uses
      At line 14 in file main.s
Comment: __initial_sp used once
3 symbols



ARM Macro Assembler    Page 1 Alphabetic symbol ordering
Relocatable symbols

RESET 00000000

Symbol: RESET
   Definitions
      At line 10 in file main.s
   Uses
      None
Comment: RESET unused
__Vectors 00000000

Symbol: __Vectors
   Definitions
      At line 13 in file main.s
   Uses
      At line 11 in file main.s
Comment: __Vectors used once
__Vectors_End 00000008

Symbol: __Vectors_End
   Definitions
      At line 16 in file main.s
   Uses
      None
Comment: __Vectors_End unused
3 symbols



ARM Macro Assembler    Page 1 Alphabetic symbol ordering
Relocatable symbols

.text 00000000

Symbol: .text
   Definitions
      At line 17 in file main.s
   Uses
      None
Comment: .text unused
Reset_Handler 00000000

Symbol: Reset_Handler
   Definitions
      At line 19 in file main.s
   Uses
      At line 12 in file main.s
      At line 15 in file main.s

__main 00000004

Symbol: __main
   Definitions
      At line 23 in file main.s
   Uses
      At line 20 in file main.s
Comment: __main used once
__mainloop 00000004

Symbol: __mainloop
   Definitions
      At line 25 in file main.s
   Uses
      At line 27 in file main.s
Comment: __mainloop used once
4 symbols



ARM Macro Assembler    Page 1 Alphabetic symbol ordering
Absolute symbols

Stack_Size 00000400

Symbol: Stack_Size
   Definitions
      At line 3 in file main.s
   Uses
      At line 7 in file main.s
Comment: Stack_Size used once
1 symbol
347 symbols in table
